14:35:06 [main                                ] [WARN   ] b.u.f.d.s.c.configuration.Aspect:53      - Could not open file
java.io.FileNotFoundException: C:\Users\jaimi\Documents\SmartRaceCar\.\SimDeployer.properties (Het systeem kan het opgegeven bestand niet vinden)
	at java.base/java.io.FileInputStream.open0(Native Method)
	at java.base/java.io.FileInputStream.open(FileInputStream.java:219)
	at java.base/java.io.FileInputStream.<init>(FileInputStream.java:157)
	at java.base/java.io.FileInputStream.<init>(FileInputStream.java:112)
	at be.uantwerpen.fti.ds.sc.common.configuration.Aspect.openPropertiesFile(Aspect.java:37)
	at be.uantwerpen.fti.ds.sc.common.configuration.DockerAspect.<init>(DockerAspect.java:38)
	at be.uantwerpen.fti.ds.sc.common.configuration.Configuration.load(Configuration.java:56)
	at be.uantwerpen.fti.ds.sc.simdeployer.SimDeployer.main(SimDeployer.java:246)
14:35:06 [main                                ] [ERROR  ] b.u.f.d.s.c.c.RacecarAspect:54           - Failed to read be.uantwerpen.fti.ds.sc.common.configuration.DockerAspect from "C:\Users\jaimi\Documents\SmartRaceCar\.\SimDeployer.properties"
java.io.FileNotFoundException: C:\Users\jaimi\Documents\SmartRaceCar\.\SimDeployer.properties (Het systeem kan het opgegeven bestand niet vinden)
	at java.base/java.io.FileInputStream.open0(Native Method)
	at java.base/java.io.FileInputStream.open(FileInputStream.java:219)
	at java.base/java.io.FileInputStream.<init>(FileInputStream.java:157)
	at java.base/java.io.FileInputStream.<init>(FileInputStream.java:112)
	at be.uantwerpen.fti.ds.sc.common.configuration.Aspect.openPropertiesFile(Aspect.java:37)
	at be.uantwerpen.fti.ds.sc.common.configuration.DockerAspect.<init>(DockerAspect.java:38)
	at be.uantwerpen.fti.ds.sc.common.configuration.Configuration.load(Configuration.java:56)
	at be.uantwerpen.fti.ds.sc.simdeployer.SimDeployer.main(SimDeployer.java:246)
14:35:06 [main                                ] [ERROR  ] b.u.f.d.s.c.c.Configuration:102          - Failed to load configuration for aspect "DOCKER".
java.io.FileNotFoundException: C:\Users\jaimi\Documents\SmartRaceCar\.\SimDeployer.properties (Het systeem kan het opgegeven bestand niet vinden)
	at java.base/java.io.FileInputStream.open0(Native Method)
	at java.base/java.io.FileInputStream.open(FileInputStream.java:219)
	at java.base/java.io.FileInputStream.<init>(FileInputStream.java:157)
	at java.base/java.io.FileInputStream.<init>(FileInputStream.java:112)
	at be.uantwerpen.fti.ds.sc.common.configuration.Aspect.openPropertiesFile(Aspect.java:37)
	at be.uantwerpen.fti.ds.sc.common.configuration.DockerAspect.<init>(DockerAspect.java:38)
	at be.uantwerpen.fti.ds.sc.common.configuration.Configuration.load(Configuration.java:56)
	at be.uantwerpen.fti.ds.sc.simdeployer.SimDeployer.main(SimDeployer.java:246)
14:35:06 [main                                ] [WARN   ] b.u.f.d.s.c.configuration.Aspect:53      - Could not open file
java.io.FileNotFoundException: C:\Users\jaimi\Documents\SmartRaceCar\.\SimDeployer.properties (Het systeem kan het opgegeven bestand niet vinden)
	at java.base/java.io.FileInputStream.open0(Native Method)
	at java.base/java.io.FileInputStream.open(FileInputStream.java:219)
	at java.base/java.io.FileInputStream.<init>(FileInputStream.java:157)
	at java.base/java.io.FileInputStream.<init>(FileInputStream.java:112)
	at be.uantwerpen.fti.ds.sc.common.configuration.Aspect.openPropertiesFile(Aspect.java:37)
	at be.uantwerpen.fti.ds.sc.common.configuration.MqttAspect.<init>(MqttAspect.java:40)
	at be.uantwerpen.fti.ds.sc.common.configuration.Configuration.load(Configuration.java:64)
	at be.uantwerpen.fti.ds.sc.simdeployer.SimDeployer.main(SimDeployer.java:246)
14:35:06 [main                                ] [ERROR  ] b.u.f.d.s.c.c.MqttAspect:56              - Failed to read be.uantwerpen.fti.ds.sc.common.configuration.MqttAspect from "C:\Users\jaimi\Documents\SmartRaceCar\.\SimDeployer.properties"
java.io.FileNotFoundException: C:\Users\jaimi\Documents\SmartRaceCar\.\SimDeployer.properties (Het systeem kan het opgegeven bestand niet vinden)
	at java.base/java.io.FileInputStream.open0(Native Method)
	at java.base/java.io.FileInputStream.open(FileInputStream.java:219)
	at java.base/java.io.FileInputStream.<init>(FileInputStream.java:157)
	at java.base/java.io.FileInputStream.<init>(FileInputStream.java:112)
	at be.uantwerpen.fti.ds.sc.common.configuration.Aspect.openPropertiesFile(Aspect.java:37)
	at be.uantwerpen.fti.ds.sc.common.configuration.MqttAspect.<init>(MqttAspect.java:40)
	at be.uantwerpen.fti.ds.sc.common.configuration.Configuration.load(Configuration.java:64)
	at be.uantwerpen.fti.ds.sc.simdeployer.SimDeployer.main(SimDeployer.java:246)
14:35:06 [main                                ] [ERROR  ] b.u.f.d.s.c.c.Configuration:102          - Failed to load configuration for aspect "MQTT".
java.io.FileNotFoundException: C:\Users\jaimi\Documents\SmartRaceCar\.\SimDeployer.properties (Het systeem kan het opgegeven bestand niet vinden)
	at java.base/java.io.FileInputStream.open0(Native Method)
	at java.base/java.io.FileInputStream.open(FileInputStream.java:219)
	at java.base/java.io.FileInputStream.<init>(FileInputStream.java:157)
	at java.base/java.io.FileInputStream.<init>(FileInputStream.java:112)
	at be.uantwerpen.fti.ds.sc.common.configuration.Aspect.openPropertiesFile(Aspect.java:37)
	at be.uantwerpen.fti.ds.sc.common.configuration.MqttAspect.<init>(MqttAspect.java:40)
	at be.uantwerpen.fti.ds.sc.common.configuration.Configuration.load(Configuration.java:64)
	at be.uantwerpen.fti.ds.sc.simdeployer.SimDeployer.main(SimDeployer.java:246)
14:35:06 [main                                ] [WARN   ] b.u.f.d.s.c.configuration.Aspect:53      - Could not open file
java.io.FileNotFoundException: C:\Users\jaimi\Documents\SmartRaceCar\.\SimDeployer.properties (Het systeem kan het opgegeven bestand niet vinden)
	at java.base/java.io.FileInputStream.open0(Native Method)
	at java.base/java.io.FileInputStream.open(FileInputStream.java:219)
	at java.base/java.io.FileInputStream.<init>(FileInputStream.java:157)
	at java.base/java.io.FileInputStream.<init>(FileInputStream.java:112)
	at be.uantwerpen.fti.ds.sc.common.configuration.Aspect.openPropertiesFile(Aspect.java:37)
	at be.uantwerpen.fti.ds.sc.common.configuration.TcpServerAspect.<init>(TcpServerAspect.java:29)
	at be.uantwerpen.fti.ds.sc.common.configuration.Configuration.load(Configuration.java:76)
	at be.uantwerpen.fti.ds.sc.simdeployer.SimDeployer.main(SimDeployer.java:246)
14:35:06 [main                                ] [ERROR  ] b.u.f.d.s.c.c.RacecarAspect:39           - Failed to read be.uantwerpen.fti.ds.sc.common.configuration.TcpServerAspect from "C:\Users\jaimi\Documents\SmartRaceCar\.\SimDeployer.properties"
java.io.FileNotFoundException: C:\Users\jaimi\Documents\SmartRaceCar\.\SimDeployer.properties (Het systeem kan het opgegeven bestand niet vinden)
	at java.base/java.io.FileInputStream.open0(Native Method)
	at java.base/java.io.FileInputStream.open(FileInputStream.java:219)
	at java.base/java.io.FileInputStream.<init>(FileInputStream.java:157)
	at java.base/java.io.FileInputStream.<init>(FileInputStream.java:112)
	at be.uantwerpen.fti.ds.sc.common.configuration.Aspect.openPropertiesFile(Aspect.java:37)
	at be.uantwerpen.fti.ds.sc.common.configuration.TcpServerAspect.<init>(TcpServerAspect.java:29)
	at be.uantwerpen.fti.ds.sc.common.configuration.Configuration.load(Configuration.java:76)
	at be.uantwerpen.fti.ds.sc.simdeployer.SimDeployer.main(SimDeployer.java:246)
14:35:06 [main                                ] [ERROR  ] b.u.f.d.s.c.c.Configuration:102          - Failed to load configuration for aspect "TCP_SERVER".
java.io.FileNotFoundException: C:\Users\jaimi\Documents\SmartRaceCar\.\SimDeployer.properties (Het systeem kan het opgegeven bestand niet vinden)
	at java.base/java.io.FileInputStream.open0(Native Method)
	at java.base/java.io.FileInputStream.open(FileInputStream.java:219)
	at java.base/java.io.FileInputStream.<init>(FileInputStream.java:157)
	at java.base/java.io.FileInputStream.<init>(FileInputStream.java:112)
	at be.uantwerpen.fti.ds.sc.common.configuration.Aspect.openPropertiesFile(Aspect.java:37)
	at be.uantwerpen.fti.ds.sc.common.configuration.TcpServerAspect.<init>(TcpServerAspect.java:29)
	at be.uantwerpen.fti.ds.sc.common.configuration.Configuration.load(Configuration.java:76)
	at be.uantwerpen.fti.ds.sc.simdeployer.SimDeployer.main(SimDeployer.java:246)
